d:\working\projects\vetc_api\vetc_api\debug\vetc_api.pch
d:\working\projects\vetc_api\vetc_api\debug\vc140.pdb
d:\working\projects\vetc_api\vetc_api\debug\stdafx.obj
d:\working\projects\vetc_api\vetc_api\debug\cbcmac.obj
d:\working\projects\vetc_api\vetc_api\debug\casts.obj
d:\working\projects\vetc_api\vetc_api\debug\cast.obj
d:\working\projects\vetc_api\vetc_api\debug\camellia.obj
d:\working\projects\vetc_api\vetc_api\debug\blumshub.obj
d:\working\projects\vetc_api\vetc_api\debug\blowfish.obj
d:\working\projects\vetc_api\vetc_api\debug\bfinit.obj
d:\working\projects\vetc_api\vetc_api\debug\basecode.obj
d:\working\projects\vetc_api\vetc_api\debug\base64.obj
d:\working\projects\vetc_api\vetc_api\debug\base32.obj
d:\working\projects\vetc_api\vetc_api\debug\authenc.obj
d:\working\projects\vetc_api\vetc_api\debug\asn.obj
d:\working\projects\vetc_api\vetc_api\debug\arc4.obj
d:\working\projects\vetc_api\vetc_api\debug\algparam.obj
d:\working\projects\vetc_api\vetc_api\debug\algebra.obj
d:\working\projects\vetc_api\vetc_api\debug\adler32.obj
d:\working\projects\vetc_api\vetc_api\debug\3way.obj
d:\working\projects\vetc_api\vetc_api\debug\network.obj
d:\working\projects\vetc_api\vetc_api\debug\tcoc_api.obj
d:\working\projects\vetc_api\vetc_api\debug\assemblyinfo.obj
d:\working\projects\vetc_api\vetc_api\debug\emsa2.obj
d:\working\projects\vetc_api\vetc_api\debug\elgamal.obj
d:\working\projects\vetc_api\vetc_api\debug\ecp.obj
d:\working\projects\vetc_api\vetc_api\debug\eccrypto.obj
d:\working\projects\vetc_api\vetc_api\debug\ec2n.obj
d:\working\projects\vetc_api\vetc_api\debug\eax.obj
d:\working\projects\vetc_api\vetc_api\debug\dsa.obj
d:\working\projects\vetc_api\vetc_api\debug\dll.obj
d:\working\projects\vetc_api\vetc_api\debug\dh2.obj
d:\working\projects\vetc_api\vetc_api\debug\dh.obj
d:\working\projects\vetc_api\vetc_api\debug\dessp.obj
d:\working\projects\vetc_api\vetc_api\debug\des.obj
d:\working\projects\vetc_api\vetc_api\debug\default.obj
d:\working\projects\vetc_api\vetc_api\debug\cryptlib_bds.obj
d:\working\projects\vetc_api\vetc_api\debug\cryptlib.obj
d:\working\projects\vetc_api\vetc_api\debug\crc.obj
d:\working\projects\vetc_api\vetc_api\debug\cpu.obj
d:\working\projects\vetc_api\vetc_api\debug\cmac.obj
d:\working\projects\vetc_api\vetc_api\debug\channels.obj
d:\working\projects\vetc_api\vetc_api\debug\ccm.obj
d:\working\projects\vetc_api\vetc_api\debug\iterhash.obj
d:\working\projects\vetc_api\vetc_api\debug\integer.obj
d:\working\projects\vetc_api\vetc_api\debug\idea.obj
d:\working\projects\vetc_api\vetc_api\debug\ida.obj
d:\working\projects\vetc_api\vetc_api\debug\hrtimer.obj
d:\working\projects\vetc_api\vetc_api\debug\hmac.obj
d:\working\projects\vetc_api\vetc_api\debug\hex.obj
d:\working\projects\vetc_api\vetc_api\debug\gzip.obj
d:\working\projects\vetc_api\vetc_api\debug\gost.obj
d:\working\projects\vetc_api\vetc_api\debug\gfpcrypt.obj
d:\working\projects\vetc_api\vetc_api\debug\gf2_32.obj
d:\working\projects\vetc_api\vetc_api\debug\gf2n.obj
d:\working\projects\vetc_api\vetc_api\debug\gf256.obj
d:\working\projects\vetc_api\vetc_api\debug\gcm.obj
d:\working\projects\vetc_api\vetc_api\debug\fipsalgt.obj
d:\working\projects\vetc_api\vetc_api\debug\fips140.obj
d:\working\projects\vetc_api\vetc_api\debug\filters.obj
d:\working\projects\vetc_api\vetc_api\debug\files.obj
d:\working\projects\vetc_api\vetc_api\debug\esign.obj
d:\working\projects\vetc_api\vetc_api\debug\eprecomp.obj
d:\working\projects\vetc_api\vetc_api\debug\pubkey.obj
d:\working\projects\vetc_api\vetc_api\debug\pssr.obj
d:\working\projects\vetc_api\vetc_api\debug\polynomi.obj
d:\working\projects\vetc_api\vetc_api\debug\pkcspad.obj
d:\working\projects\vetc_api\vetc_api\debug\pch.obj
d:\working\projects\vetc_api\vetc_api\debug\panama.obj
d:\working\projects\vetc_api\vetc_api\debug\osrng.obj
d:\working\projects\vetc_api\vetc_api\debug\oaep.obj
d:\working\projects\vetc_api\vetc_api\debug\nbtheory.obj
d:\working\projects\vetc_api\vetc_api\debug\mqv.obj
d:\working\projects\vetc_api\vetc_api\debug\mqueue.obj
d:\working\projects\vetc_api\vetc_api\debug\modes.obj
d:\working\projects\vetc_api\vetc_api\debug\misc.obj
d:\working\projects\vetc_api\vetc_api\debug\md5.obj
d:\working\projects\vetc_api\vetc_api\debug\md4.obj
d:\working\projects\vetc_api\vetc_api\debug\md2.obj
d:\working\projects\vetc_api\vetc_api\debug\marss.obj
d:\working\projects\vetc_api\vetc_api\debug\mars.obj
d:\working\projects\vetc_api\vetc_api\debug\luc.obj
d:\working\projects\vetc_api\vetc_api\debug\shacal2.obj
d:\working\projects\vetc_api\vetc_api\debug\sha3.obj
d:\working\projects\vetc_api\vetc_api\debug\sha.obj
d:\working\projects\vetc_api\vetc_api\debug\serpent.obj
d:\working\projects\vetc_api\vetc_api\debug\seed.obj
d:\working\projects\vetc_api\vetc_api\debug\seal.obj
d:\working\projects\vetc_api\vetc_api\debug\salsa.obj
d:\working\projects\vetc_api\vetc_api\debug\safer.obj
d:\working\projects\vetc_api\vetc_api\debug\rw.obj
d:\working\projects\vetc_api\vetc_api\debug\rsa.obj
d:\working\projects\vetc_api\vetc_api\debug\rng.obj
d:\working\projects\vetc_api\vetc_api\debug\ripemd.obj
d:\working\projects\vetc_api\vetc_api\debug\rijndael.obj
d:\working\projects\vetc_api\vetc_api\debug\rdtables.obj
d:\working\projects\vetc_api\vetc_api\debug\rc6.obj
d:\working\projects\vetc_api\vetc_api\debug\rc5.obj
d:\working\projects\vetc_api\vetc_api\debug\rc2.obj
d:\working\projects\vetc_api\vetc_api\debug\randpool.obj
d:\working\projects\vetc_api\vetc_api\debug\rabin.obj
d:\working\projects\vetc_api\vetc_api\debug\queue.obj
d:\working\projects\vetc_api\vetc_api\debug\whrlpool.obj
d:\working\projects\vetc_api\vetc_api\debug\wake.obj
d:\working\projects\vetc_api\vetc_api\debug\wait.obj
d:\working\projects\vetc_api\vetc_api\debug\vmac.obj
d:\working\projects\vetc_api\vetc_api\debug\twofish.obj
d:\working\projects\vetc_api\vetc_api\debug\ttmac.obj
d:\working\projects\vetc_api\vetc_api\debug\trdlocal.obj
d:\working\projects\vetc_api\vetc_api\debug\tigertab.obj
d:\working\projects\vetc_api\vetc_api\debug\tiger.obj
d:\working\projects\vetc_api\vetc_api\debug\tftables.obj
d:\working\projects\vetc_api\vetc_api\debug\tea.obj
d:\working\projects\vetc_api\vetc_api\debug\strciphr.obj
d:\working\projects\vetc_api\vetc_api\debug\squaretb.obj
d:\working\projects\vetc_api\vetc_api\debug\square.obj
d:\working\projects\vetc_api\vetc_api\debug\sosemanuk.obj
d:\working\projects\vetc_api\vetc_api\debug\socketft.obj
d:\working\projects\vetc_api\vetc_api\debug\skipjack.obj
d:\working\projects\vetc_api\vetc_api\debug\simple.obj
d:\working\projects\vetc_api\vetc_api\debug\sharkbox.obj
d:\working\projects\vetc_api\vetc_api\debug\shark.obj
d:\working\projects\vetc_api\vetc_api\debug\vetc_api.obj
d:\working\projects\vetc_api\vetc_api\debug\zlib.obj
d:\working\projects\vetc_api\vetc_api\debug\zinflate.obj
d:\working\projects\vetc_api\vetc_api\debug\zdeflate.obj
d:\working\projects\vetc_api\vetc_api\debug\xtrcrypt.obj
d:\working\projects\vetc_api\vetc_api\debug\xtr.obj
d:\working\projects\vetc_api\vetc_api\debug\winpipes.obj
d:\working\projects\vetc_api\vetc_api\debug\.netframework,version=v4.5.2.assemblyattributes.obj
d:\working\projects\vetc_api\vetc_api\debug\.netframework,version=v4.5.2.assemblyattributes.asm
d:\working\projects\vetc_api\vetc_api\debug\app.res
d:\working\projects\vetc_api\debug\vetc_api.pdb
d:\working\projects\vetc_api\vetc_api\debug\vetc_api.tlog\cl.command.1.tlog
d:\working\projects\vetc_api\vetc_api\debug\vetc_api.tlog\cl.read.1.tlog
d:\working\projects\vetc_api\vetc_api\debug\vetc_api.tlog\cl.write.1.tlog
d:\working\projects\vetc_api\vetc_api\debug\vetc_api.tlog\link.6008.592-cvtres.read.1.tlog
d:\working\projects\vetc_api\vetc_api\debug\vetc_api.tlog\link.6008.592-cvtres.write.1.tlog
d:\working\projects\vetc_api\vetc_api\debug\vetc_api.tlog\link.6008.592-rc.read.1.tlog
d:\working\projects\vetc_api\vetc_api\debug\vetc_api.tlog\link.6008.592-rc.write.1.tlog
d:\working\projects\vetc_api\vetc_api\debug\vetc_api.tlog\link.6008.592.read.1.tlog
d:\working\projects\vetc_api\vetc_api\debug\vetc_api.tlog\link.6008.592.write.1.tlog
d:\working\projects\vetc_api\vetc_api\debug\vetc_api.tlog\link.6008.read.1.tlog
d:\working\projects\vetc_api\vetc_api\debug\vetc_api.tlog\link.6008.write.1.tlog
d:\working\projects\vetc_api\vetc_api\debug\vetc_api.tlog\link.7680.6356-cvtres.read.1.tlog
d:\working\projects\vetc_api\vetc_api\debug\vetc_api.tlog\link.7680.6356-cvtres.write.1.tlog
d:\working\projects\vetc_api\vetc_api\debug\vetc_api.tlog\link.7680.6356-rc.read.1.tlog
d:\working\projects\vetc_api\vetc_api\debug\vetc_api.tlog\link.7680.6356-rc.write.1.tlog
d:\working\projects\vetc_api\vetc_api\debug\vetc_api.tlog\link.7680.6356.read.1.tlog
d:\working\projects\vetc_api\vetc_api\debug\vetc_api.tlog\link.7680.6356.write.1.tlog
d:\working\projects\vetc_api\vetc_api\debug\vetc_api.tlog\link.7680.read.1.tlog
d:\working\projects\vetc_api\vetc_api\debug\vetc_api.tlog\link.7680.write.1.tlog
d:\working\projects\vetc_api\vetc_api\debug\vetc_api.tlog\link.command.1.tlog
d:\working\projects\vetc_api\vetc_api\debug\vetc_api.tlog\link.read.1.tlog
d:\working\projects\vetc_api\vetc_api\debug\vetc_api.tlog\link.write.1.tlog
d:\working\projects\vetc_api\vetc_api\debug\vetc_api.tlog\metagen.read.1.tlog
d:\working\projects\vetc_api\vetc_api\debug\vetc_api.tlog\metagen.write.1.tlog
d:\working\projects\vetc_api\vetc_api\debug\vetc_api.tlog\rc.command.1.tlog
d:\working\projects\vetc_api\vetc_api\debug\vetc_api.tlog\rc.read.1.tlog
d:\working\projects\vetc_api\vetc_api\debug\vetc_api.tlog\rc.write.1.tlog
d:\working\projects\vetc_api\vetc_api\debug\vetc_api.tlog\rsaenh.dll.bi
d:\working\projects\vetc_api\vetc_api\debug\vetc_api.tlog\tzres.dll.bi
